{"/Users/mahabub/code/tenv/src/Env.ts": {"path":"/Users/mahabub/code/tenv/src/Env.ts","statementMap":{"0":{"start":{"line":8,"column":10},"end":{"line":8,"column":46}},"1":{"start":{"line":11,"column":4},"end":{"line":11,"column":25}},"2":{"start":{"line":12,"column":4},"end":{"line":12,"column":32}},"3":{"start":{"line":16,"column":17},"end":{"line":16,"column":72}},"4":{"start":{"line":17,"column":4},"end":{"line":17,"column":52}},"5":{"start":{"line":21,"column":17},"end":{"line":21,"column":72}},"6":{"start":{"line":22,"column":4},"end":{"line":22,"column":52}},"7":{"start":{"line":26,"column":17},"end":{"line":26,"column":72}},"8":{"start":{"line":27,"column":4},"end":{"line":27,"column":30}},"9":{"start":{"line":31,"column":17},"end":{"line":31,"column":72}},"10":{"start":{"line":32,"column":4},"end":{"line":32,"column":27}},"11":{"start":{"line":36,"column":4},"end":{"line":38,"column":5}},"12":{"start":{"line":37,"column":6},"end":{"line":37,"column":39}},"13":{"start":{"line":39,"column":4},"end":{"line":39,"column":27}},"14":{"start":{"line":54,"column":4},"end":{"line":54,"column":49}},"15":{"start":{"line":55,"column":4},"end":{"line":57,"column":5}},"16":{"start":{"line":56,"column":6},"end":{"line":56,"column":76}},"17":{"start":{"line":59,"column":4},"end":{"line":61,"column":5}},"18":{"start":{"line":60,"column":6},"end":{"line":60,"column":39}},"19":{"start":{"line":63,"column":4},"end":{"line":63,"column":38}},"20":{"start":{"line":68,"column":25},"end":{"line":68,"column":59}},"21":{"start":{"line":69,"column":4},"end":{"line":71,"column":5}},"22":{"start":{"line":70,"column":6},"end":{"line":70,"column":48}},"23":{"start":{"line":75,"column":4},"end":{"line":75,"column":44}},"24":{"start":{"line":76,"column":4},"end":{"line":76,"column":74}},"25":{"start":{"line":77,"column":4},"end":{"line":77,"column":32}},"26":{"start":{"line":82,"column":4},"end":{"line":87,"column":5}},"27":{"start":{"line":86,"column":6},"end":{"line":86,"column":48}},"28":{"start":{"line":88,"column":4},"end":{"line":88,"column":38}},"29":{"start":{"line":89,"column":4},"end":{"line":89,"column":31}},"30":{"start":{"line":98,"column":4},"end":{"line":106,"column":5}},"31":{"start":{"line":100,"column":8},"end":{"line":100,"column":109}},"32":{"start":{"line":101,"column":6},"end":{"line":103,"column":7}},"33":{"start":{"line":102,"column":8},"end":{"line":102,"column":49}},"34":{"start":{"line":104,"column":6},"end":{"line":104,"column":40}},"35":{"start":{"line":105,"column":6},"end":{"line":105,"column":33}},"36":{"start":{"line":109,"column":6},"end":{"line":109,"column":224}},"37":{"start":{"line":111,"column":4},"end":{"line":113,"column":5}},"38":{"start":{"line":112,"column":6},"end":{"line":112,"column":46}},"39":{"start":{"line":114,"column":4},"end":{"line":114,"column":38}},"40":{"start":{"line":115,"column":4},"end":{"line":115,"column":31}},"41":{"start":{"line":120,"column":4},"end":{"line":122,"column":5}},"42":{"start":{"line":121,"column":6},"end":{"line":121,"column":42}},"43":{"start":{"line":126,"column":4},"end":{"line":126,"column":43}},"44":{"start":{"line":127,"column":4},"end":{"line":132,"column":5}},"45":{"start":{"line":128,"column":6},"end":{"line":128,"column":64}},"46":{"start":{"line":129,"column":6},"end":{"line":129,"column":33}},"47":{"start":{"line":131,"column":6},"end":{"line":131,"column":16}},"48":{"start":{"line":136,"column":4},"end":{"line":136,"column":43}},"49":{"start":{"line":137,"column":4},"end":{"line":139,"column":5}},"50":{"start":{"line":138,"column":6},"end":{"line":138,"column":54}},"51":{"start":{"line":140,"column":4},"end":{"line":140,"column":38}},"52":{"start":{"line":141,"column":4},"end":{"line":141,"column":31}},"53":{"start":{"line":145,"column":4},"end":{"line":145,"column":43}},"54":{"start":{"line":146,"column":4},"end":{"line":148,"column":5}},"55":{"start":{"line":147,"column":6},"end":{"line":147,"column":49}},"56":{"start":{"line":149,"column":4},"end":{"line":149,"column":38}},"57":{"start":{"line":150,"column":4},"end":{"line":150,"column":31}},"58":{"start":{"line":155,"column":0},"end":{"line":155,"column":19}}},"fnMap":{"0":{"name":"(anonymous_0)","decl":{"start":{"line":10,"column":2},"end":{"line":10,"column":14}},"loc":{"start":{"line":10,"column":49},"end":{"line":13,"column":3}}},"1":{"name":"(anonymous_1)","decl":{"start":{"line":15,"column":2},"end":{"line":15,"column":6}},"loc":{"start":{"line":15,"column":18},"end":{"line":18,"column":3}}},"2":{"name":"(anonymous_2)","decl":{"start":{"line":20,"column":2},"end":{"line":20,"column":6}},"loc":{"start":{"line":20,"column":19},"end":{"line":23,"column":3}}},"3":{"name":"(anonymous_3)","decl":{"start":{"line":25,"column":2},"end":{"line":25,"column":6}},"loc":{"start":{"line":25,"column":15},"end":{"line":28,"column":3}}},"4":{"name":"(anonymous_4)","decl":{"start":{"line":30,"column":2},"end":{"line":30,"column":6}},"loc":{"start":{"line":30,"column":12},"end":{"line":33,"column":3}}},"5":{"name":"(anonymous_5)","decl":{"start":{"line":35,"column":2},"end":{"line":35,"column":5}},"loc":{"start":{"line":35,"column":5},"end":{"line":40,"column":3}}},"6":{"name":"(anonymous_6)","decl":{"start":{"line":50,"column":2},"end":{"line":50,"column":5}},"loc":{"start":{"line":52,"column":29},"end":{"line":64,"column":3}}},"7":{"name":"(anonymous_7)","decl":{"start":{"line":67,"column":10},"end":{"line":67,"column":22}},"loc":{"start":{"line":67,"column":34},"end":{"line":72,"column":3}}},"8":{"name":"(anonymous_8)","decl":{"start":{"line":74,"column":2},"end":{"line":74,"column":6}},"loc":{"start":{"line":74,"column":6},"end":{"line":78,"column":3}}},"9":{"name":"(anonymous_9)","decl":{"start":{"line":81,"column":2},"end":{"line":81,"column":7}},"loc":{"start":{"line":81,"column":7},"end":{"line":90,"column":3}}},"10":{"name":"(anonymous_10)","decl":{"start":{"line":92,"column":2},"end":{"line":92,"column":5}},"loc":{"start":{"line":96,"column":10},"end":{"line":116,"column":3}}},"11":{"name":"(anonymous_11)","decl":{"start":{"line":119,"column":10},"end":{"line":119,"column":21}},"loc":{"start":{"line":119,"column":33},"end":{"line":123,"column":3}}},"12":{"name":"(anonymous_12)","decl":{"start":{"line":125,"column":2},"end":{"line":125,"column":9}},"loc":{"start":{"line":125,"column":9},"end":{"line":133,"column":3}}},"13":{"name":"(anonymous_13)","decl":{"start":{"line":135,"column":2},"end":{"line":135,"column":10}},"loc":{"start":{"line":135,"column":10},"end":{"line":142,"column":3}}},"14":{"name":"(anonymous_14)","decl":{"start":{"line":144,"column":2},"end":{"line":144,"column":8}},"loc":{"start":{"line":144,"column":8},"end":{"line":151,"column":3}}}},"branchMap":{"0":{"loc":{"start":{"line":10,"column":14},"end":{"line":10,"column":49}},"type":"default-arg","locations":[{"start":{"line":10,"column":47},"end":{"line":10,"column":49}}]},"1":{"loc":{"start":{"line":17,"column":11},"end":{"line":17,"column":51}},"type":"cond-expr","locations":[{"start":{"line":17,"column":32},"end":{"line":17,"column":36}},{"start":{"line":17,"column":36},"end":{"line":17,"column":51}}]},"2":{"loc":{"start":{"line":17,"column":11},"end":{"line":17,"column":36}},"type":"binary-expr","locations":[{"start":{"line":17,"column":11},"end":{"line":17,"column":36}},{"start":{"line":17,"column":32},"end":{"line":17,"column":36}}]},"3":{"loc":{"start":{"line":22,"column":11},"end":{"line":22,"column":51}},"type":"cond-expr","locations":[{"start":{"line":22,"column":33},"end":{"line":22,"column":37}},{"start":{"line":22,"column":37},"end":{"line":22,"column":51}}]},"4":{"loc":{"start":{"line":22,"column":11},"end":{"line":22,"column":37}},"type":"binary-expr","locations":[{"start":{"line":22,"column":11},"end":{"line":22,"column":37}},{"start":{"line":22,"column":33},"end":{"line":22,"column":37}}]},"5":{"loc":{"start":{"line":36,"column":4},"end":{"line":38,"column":5}},"type":"if","locations":[{"start":{"line":36,"column":4},"end":{"line":38,"column":5}}]},"6":{"loc":{"start":{"line":36,"column":8},"end":{"line":36,"column":65}},"type":"binary-expr","locations":[{"start":{"line":36,"column":8},"end":{"line":36,"column":38}},{"start":{"line":36,"column":42},"end":{"line":36,"column":65}}]},"7":{"loc":{"start":{"line":52,"column":4},"end":{"line":52,"column":29}},"type":"default-arg","locations":[{"start":{"line":52,"column":24},"end":{"line":52,"column":29}}]},"8":{"loc":{"start":{"line":55,"column":4},"end":{"line":57,"column":5}},"type":"if","locations":[{"start":{"line":55,"column":4},"end":{"line":57,"column":5}}]},"9":{"loc":{"start":{"line":55,"column":8},"end":{"line":55,"column":31}},"type":"binary-expr","locations":[{"start":{"line":55,"column":8},"end":{"line":55,"column":16}},{"start":{"line":55,"column":20},"end":{"line":55,"column":31}}]},"10":{"loc":{"start":{"line":59,"column":4},"end":{"line":61,"column":5}},"type":"if","locations":[{"start":{"line":59,"column":4},"end":{"line":61,"column":5}}]},"11":{"loc":{"start":{"line":69,"column":4},"end":{"line":71,"column":5}},"type":"if","locations":[{"start":{"line":69,"column":4},"end":{"line":71,"column":5}}]},"12":{"loc":{"start":{"line":82,"column":4},"end":{"line":87,"column":5}},"type":"if","locations":[{"start":{"line":82,"column":4},"end":{"line":87,"column":5}}]},"13":{"loc":{"start":{"line":83,"column":6},"end":{"line":84,"column":62}},"type":"binary-expr","locations":[{"start":{"line":83,"column":6},"end":{"line":83,"column":17}},{"start":{"line":84,"column":6},"end":{"line":84,"column":62}}]},"14":{"loc":{"start":{"line":94,"column":4},"end":{"line":96,"column":10}},"type":"default-arg","locations":[{"start":{"line":96,"column":8},"end":{"line":96,"column":10}}]},"15":{"loc":{"start":{"line":98,"column":4},"end":{"line":106,"column":5}},"type":"if","locations":[{"start":{"line":98,"column":4},"end":{"line":106,"column":5}}]},"16":{"loc":{"start":{"line":101,"column":6},"end":{"line":103,"column":7}},"type":"if","locations":[{"start":{"line":101,"column":6},"end":{"line":103,"column":7}}]},"17":{"loc":{"start":{"line":101,"column":10},"end":{"line":101,"column":62}},"type":"binary-expr","locations":[{"start":{"line":101,"column":10},"end":{"line":101,"column":21}},{"start":{"line":101,"column":25},"end":{"line":101,"column":62}}]},"18":{"loc":{"start":{"line":111,"column":4},"end":{"line":113,"column":5}},"type":"if","locations":[{"start":{"line":111,"column":4},"end":{"line":113,"column":5}}]},"19":{"loc":{"start":{"line":111,"column":8},"end":{"line":111,"column":59}},"type":"binary-expr","locations":[{"start":{"line":111,"column":8},"end":{"line":111,"column":19}},{"start":{"line":111,"column":23},"end":{"line":111,"column":59}}]},"20":{"loc":{"start":{"line":120,"column":4},"end":{"line":122,"column":5}},"type":"if","locations":[{"start":{"line":120,"column":4},"end":{"line":122,"column":5}}]},"21":{"loc":{"start":{"line":137,"column":4},"end":{"line":139,"column":5}},"type":"if","locations":[{"start":{"line":137,"column":4},"end":{"line":139,"column":5}}]},"22":{"loc":{"start":{"line":146,"column":4},"end":{"line":148,"column":5}},"type":"if","locations":[{"start":{"line":146,"column":4},"end":{"line":148,"column":5}}]}},"s":{"0":1,"1":1,"2":1,"3":1,"4":1,"5":1,"6":1,"7":1,"8":1,"9":1,"10":1,"11":8,"12":1,"13":7,"14":9,"15":9,"16":0,"17":9,"18":8,"19":1,"20":1,"21":1,"22":0,"23":1,"24":1,"25":1,"26":2,"27":1,"28":1,"29":1,"30":4,"31":1,"32":1,"33":0,"34":1,"35":1,"36":3,"37":3,"38":0,"39":3,"40":3,"41":1,"42":0,"43":1,"44":1,"45":1,"46":1,"47":0,"48":0,"49":0,"50":0,"51":0,"52":0,"53":0,"54":0,"55":0,"56":0,"57":0,"58":1},"f":{"0":1,"1":1,"2":1,"3":1,"4":1,"5":8,"6":9,"7":1,"8":1,"9":2,"10":4,"11":1,"12":1,"13":0,"14":0},"b":{"0":[0],"1":[1,0],"2":[1,1],"3":[1,0],"4":[1,1],"5":[1],"6":[8,6],"7":[1],"8":[0],"9":[9,8],"10":[8],"11":[0],"12":[1],"13":[2,2],"14":[3],"15":[1],"16":[0],"17":[1,1],"18":[0],"19":[3,3],"20":[0],"21":[0],"22":[0]}}
}
