TN:
SF:src/Env.ts
FN:10,(anonymous_0)
FN:15,(anonymous_1)
FN:20,(anonymous_2)
FN:25,(anonymous_3)
FN:30,(anonymous_4)
FN:35,(anonymous_5)
FN:50,(anonymous_6)
FN:67,(anonymous_7)
FN:74,(anonymous_8)
FN:81,(anonymous_9)
FN:92,(anonymous_10)
FN:119,(anonymous_11)
FN:125,(anonymous_12)
FN:135,(anonymous_13)
FN:144,(anonymous_14)
FNF:15
FNH:13
FNDA:1,(anonymous_0)
FNDA:1,(anonymous_1)
FNDA:1,(anonymous_2)
FNDA:1,(anonymous_3)
FNDA:1,(anonymous_4)
FNDA:8,(anonymous_5)
FNDA:9,(anonymous_6)
FNDA:1,(anonymous_7)
FNDA:1,(anonymous_8)
FNDA:2,(anonymous_9)
FNDA:4,(anonymous_10)
FNDA:1,(anonymous_11)
FNDA:1,(anonymous_12)
FNDA:0,(anonymous_13)
FNDA:0,(anonymous_14)
DA:8,1
DA:11,1
DA:12,1
DA:16,1
DA:17,1
DA:21,1
DA:22,1
DA:26,1
DA:27,1
DA:31,1
DA:32,1
DA:36,8
DA:37,1
DA:39,7
DA:54,9
DA:55,9
DA:56,0
DA:59,9
DA:60,8
DA:63,1
DA:68,1
DA:69,1
DA:70,0
DA:75,1
DA:76,1
DA:77,1
DA:82,2
DA:86,1
DA:88,1
DA:89,1
DA:98,4
DA:100,1
DA:101,1
DA:102,0
DA:104,1
DA:105,1
DA:109,3
DA:111,3
DA:112,0
DA:114,3
DA:115,3
DA:120,1
DA:121,0
DA:126,1
DA:127,1
DA:128,1
DA:129,1
DA:131,0
DA:136,0
DA:137,0
DA:138,0
DA:140,0
DA:141,0
DA:145,0
DA:146,0
DA:147,0
DA:149,0
DA:150,0
DA:155,1
LF:59
LH:43
BRDA:10,0,0,0
BRDA:17,1,0,1
BRDA:17,1,1,0
BRDA:17,2,0,1
BRDA:17,2,1,1
BRDA:22,3,0,1
BRDA:22,3,1,0
BRDA:22,4,0,1
BRDA:22,4,1,1
BRDA:36,5,0,1
BRDA:36,6,0,8
BRDA:36,6,1,6
BRDA:52,7,0,1
BRDA:55,8,0,0
BRDA:55,9,0,9
BRDA:55,9,1,8
BRDA:59,10,0,8
BRDA:69,11,0,0
BRDA:82,12,0,1
BRDA:83,13,0,2
BRDA:83,13,1,2
BRDA:94,14,0,3
BRDA:98,15,0,1
BRDA:101,16,0,0
BRDA:101,17,0,1
BRDA:101,17,1,1
BRDA:111,18,0,0
BRDA:111,19,0,3
BRDA:111,19,1,3
BRDA:120,20,0,0
BRDA:137,21,0,0
BRDA:146,22,0,0
BRF:32
BRH:22
end_of_record
